  main.cpp
E:\学习 university\大一上\C语言\ClickDiary3.2\ClickDiary3.0\button.h(53,18): warning C4267: “初始化”: 从“size_t”转换到“int”，可能丢失数据
  (编译源文件“main.cpp”)
  
E:\学习 university\大一上\C语言\ClickDiary3.2\ClickDiary3.0\main.cpp(69,2): warning C4996: 'strcpy': This function or variable may be unsafe. Consider using strcpy_s instead. To disable deprecation, use _CRT_SECURE_NO_WARNINGS. See online help for details.
E:\学习 university\大一上\C语言\ClickDiary3.2\ClickDiary3.0\main.cpp(209,11): warning C4267: “初始化”: 从“size_t”转换到“int”，可能丢失数据
E:\学习 university\大一上\C语言\ClickDiary3.2\ClickDiary3.0\main.cpp(170,5): warning C4996: 'strcpy': This function or variable may be unsafe. Consider using strcpy_s instead. To disable deprecation, use _CRT_SECURE_NO_WARNINGS. See online help for details.
E:\学习 university\大一上\C语言\ClickDiary3.2\ClickDiary3.0\main.cpp(176,5): warning C4996: 'strcpy': This function or variable may be unsafe. Consider using strcpy_s instead. To disable deprecation, use _CRT_SECURE_NO_WARNINGS. See online help for details.
E:\学习 university\大一上\C语言\ClickDiary3.2\ClickDiary3.0\main.cpp(189,5): warning C4996: 'strcpy': This function or variable may be unsafe. Consider using strcpy_s instead. To disable deprecation, use _CRT_SECURE_NO_WARNINGS. See online help for details.
E:\学习 university\大一上\C语言\ClickDiary3.2\ClickDiary3.0\main.cpp(195,5): warning C4996: 'strcpy': This function or variable may be unsafe. Consider using strcpy_s instead. To disable deprecation, use _CRT_SECURE_NO_WARNINGS. See online help for details.
E:\学习 university\大一上\C语言\ClickDiary3.2\ClickDiary3.0\main.cpp(207,5): warning C4996: 'strcpy': This function or variable may be unsafe. Consider using strcpy_s instead. To disable deprecation, use _CRT_SECURE_NO_WARNINGS. See online help for details.
E:\学习 university\大一上\C语言\ClickDiary3.2\ClickDiary3.0\main.cpp(221,5): warning C4996: 'strcpy': This function or variable may be unsafe. Consider using strcpy_s instead. To disable deprecation, use _CRT_SECURE_NO_WARNINGS. See online help for details.
E:\学习 university\大一上\C语言\ClickDiary3.2\ClickDiary3.0\main.cpp(233,5): warning C4996: 'strcpy': This function or variable may be unsafe. Consider using strcpy_s instead. To disable deprecation, use _CRT_SECURE_NO_WARNINGS. See online help for details.
E:\学习 university\大一上\C语言\ClickDiary3.2\ClickDiary3.0\main.cpp(244,5): warning C4996: 'strcpy': This function or variable may be unsafe. Consider using strcpy_s instead. To disable deprecation, use _CRT_SECURE_NO_WARNINGS. See online help for details.
E:\学习 university\大一上\C语言\ClickDiary3.2\ClickDiary3.0\main.cpp(255,5): warning C4996: 'strcpy': This function or variable may be unsafe. Consider using strcpy_s instead. To disable deprecation, use _CRT_SECURE_NO_WARNINGS. See online help for details.
E:\学习 university\大一上\C语言\ClickDiary3.2\ClickDiary3.0\main.cpp(266,5): warning C4996: 'strcpy': This function or variable may be unsafe. Consider using strcpy_s instead. To disable deprecation, use _CRT_SECURE_NO_WARNINGS. See online help for details.
E:\学习 university\大一上\C语言\ClickDiary3.2\ClickDiary3.0\main.cpp(279,5): warning C4996: 'strcpy': This function or variable may be unsafe. Consider using strcpy_s instead. To disable deprecation, use _CRT_SECURE_NO_WARNINGS. See online help for details.
E:\学习 university\大一上\C语言\ClickDiary3.2\ClickDiary3.0\main.cpp(283,5): warning C4996: 'strcpy': This function or variable may be unsafe. Consider using strcpy_s instead. To disable deprecation, use _CRT_SECURE_NO_WARNINGS. See online help for details.
E:\学习 university\大一上\C语言\ClickDiary3.2\ClickDiary3.0\main.cpp(292,5): warning C4996: 'strcpy': This function or variable may be unsafe. Consider using strcpy_s instead. To disable deprecation, use _CRT_SECURE_NO_WARNINGS. See online help for details.
E:\学习 university\大一上\C语言\ClickDiary3.2\ClickDiary3.0\main.cpp(296,5): warning C4996: 'strcpy': This function or variable may be unsafe. Consider using strcpy_s instead. To disable deprecation, use _CRT_SECURE_NO_WARNINGS. See online help for details.
E:\学习 university\大一上\C语言\ClickDiary3.2\ClickDiary3.0\main.cpp(306,5): warning C4996: 'strcpy': This function or variable may be unsafe. Consider using strcpy_s instead. To disable deprecation, use _CRT_SECURE_NO_WARNINGS. See online help for details.
E:\学习 university\大一上\C语言\ClickDiary3.2\ClickDiary3.0\main.cpp(310,5): warning C4996: 'strcpy': This function or variable may be unsafe. Consider using strcpy_s instead. To disable deprecation, use _CRT_SECURE_NO_WARNINGS. See online help for details.
E:\学习 university\大一上\C语言\ClickDiary3.2\ClickDiary3.0\main.cpp(328,5): warning C4996: 'strcpy': This function or variable may be unsafe. Consider using strcpy_s instead. To disable deprecation, use _CRT_SECURE_NO_WARNINGS. See online help for details.
E:\学习 university\大一上\C语言\ClickDiary3.2\ClickDiary3.0\main.cpp(472,11): warning C4267: “初始化”: 从“size_t”转换到“int”，可能丢失数据
E:\学习 university\大一上\C语言\ClickDiary3.2\ClickDiary3.0\main.cpp(461,5): warning C4996: 'strcpy': This function or variable may be unsafe. Consider using strcpy_s instead. To disable deprecation, use _CRT_SECURE_NO_WARNINGS. See online help for details.
E:\学习 university\大一上\C语言\ClickDiary3.2\ClickDiary3.0\main.cpp(470,5): warning C4996: 'strcpy': This function or variable may be unsafe. Consider using strcpy_s instead. To disable deprecation, use _CRT_SECURE_NO_WARNINGS. See online help for details.
E:\学习 university\大一上\C语言\ClickDiary3.2\ClickDiary3.0\main.cpp(499,7): warning C4996: 'sprintf': This function or variable may be unsafe. Consider using sprintf_s instead. To disable deprecation, use _CRT_SECURE_NO_WARNINGS. See online help for details.
E:\学习 university\大一上\C语言\ClickDiary3.2\ClickDiary3.0\main.cpp(513,7): warning C4996: 'strcpy': This function or variable may be unsafe. Consider using strcpy_s instead. To disable deprecation, use _CRT_SECURE_NO_WARNINGS. See online help for details.
E:\学习 university\大一上\C语言\ClickDiary3.2\ClickDiary3.0\main.cpp(537,6): warning C4996: 'strcpy': This function or variable may be unsafe. Consider using strcpy_s instead. To disable deprecation, use _CRT_SECURE_NO_WARNINGS. See online help for details.
E:\学习 university\大一上\C语言\ClickDiary3.2\ClickDiary3.0\main.cpp(629,4): warning C4996: 'strcpy': This function or variable may be unsafe. Consider using strcpy_s instead. To disable deprecation, use _CRT_SECURE_NO_WARNINGS. See online help for details.
E:\学习 university\大一上\C语言\ClickDiary3.2\ClickDiary3.0\main.cpp(630,4): warning C4996: 'sprintf': This function or variable may be unsafe. Consider using sprintf_s instead. To disable deprecation, use _CRT_SECURE_NO_WARNINGS. See online help for details.
E:\学习 university\大一上\C语言\ClickDiary3.2\ClickDiary3.0\main.cpp(774,5): warning C4996: 'strcpy': This function or variable may be unsafe. Consider using strcpy_s instead. To disable deprecation, use _CRT_SECURE_NO_WARNINGS. See online help for details.
E:\学习 university\大一上\C语言\ClickDiary3.2\ClickDiary3.0\main.cpp(778,5): warning C4996: 'strcpy': This function or variable may be unsafe. Consider using strcpy_s instead. To disable deprecation, use _CRT_SECURE_NO_WARNINGS. See online help for details.
E:\学习 university\大一上\C语言\ClickDiary3.2\ClickDiary3.0\main.cpp(787,4): warning C4996: 'strcpy': This function or variable may be unsafe. Consider using strcpy_s instead. To disable deprecation, use _CRT_SECURE_NO_WARNINGS. See online help for details.
E:\学习 university\大一上\C语言\ClickDiary3.2\ClickDiary3.0\main.cpp(793,4): warning C4996: 'strcpy': This function or variable may be unsafe. Consider using strcpy_s instead. To disable deprecation, use _CRT_SECURE_NO_WARNINGS. See online help for details.
E:\学习 university\大一上\C语言\ClickDiary3.2\ClickDiary3.0\main.cpp(794,4): warning C4996: 'sprintf': This function or variable may be unsafe. Consider using sprintf_s instead. To disable deprecation, use _CRT_SECURE_NO_WARNINGS. See online help for details.
E:\学习 university\大一上\C语言\ClickDiary3.2\ClickDiary3.0\main.cpp(837,2): warning C4996: 'sprintf': This function or variable may be unsafe. Consider using sprintf_s instead. To disable deprecation, use _CRT_SECURE_NO_WARNINGS. See online help for details.
E:\学习 university\大一上\C语言\ClickDiary3.2\ClickDiary3.0\main.cpp(847,26): warning C4838: 从“COLORREF”转换到“char”需要收缩转换
E:\学习 university\大一上\C语言\ClickDiary3.2\ClickDiary3.0\main.cpp(847,26): warning C4244: “初始化”: 从“COLORREF”转换到“char”，可能丢失数据
E:\学习 university\大一上\C语言\ClickDiary3.2\ClickDiary3.0\main.cpp(847,42): warning C4838: 从“COLORREF”转换到“char”需要收缩转换
E:\学习 university\大一上\C语言\ClickDiary3.2\ClickDiary3.0\main.cpp(847,42): warning C4244: “初始化”: 从“COLORREF”转换到“char”，可能丢失数据
E:\学习 university\大一上\C语言\ClickDiary3.2\ClickDiary3.0\main.cpp(847,58): warning C4838: 从“COLORREF”转换到“char”需要收缩转换
E:\学习 university\大一上\C语言\ClickDiary3.2\ClickDiary3.0\main.cpp(847,58): warning C4244: “初始化”: 从“COLORREF”转换到“char”，可能丢失数据
E:\学习 university\大一上\C语言\ClickDiary3.2\ClickDiary3.0\main.cpp(848,2): warning C4838: 从“COLORREF”转换到“char”需要收缩转换
E:\学习 university\大一上\C语言\ClickDiary3.2\ClickDiary3.0\main.cpp(848,2): warning C4244: “初始化”: 从“COLORREF”转换到“char”，可能丢失数据
E:\学习 university\大一上\C语言\ClickDiary3.2\ClickDiary3.0\main.cpp(848,20): warning C4838: 从“COLORREF”转换到“char”需要收缩转换
E:\学习 university\大一上\C语言\ClickDiary3.2\ClickDiary3.0\main.cpp(848,20): warning C4244: “初始化”: 从“COLORREF”转换到“char”，可能丢失数据
E:\学习 university\大一上\C语言\ClickDiary3.2\ClickDiary3.0\main.cpp(869,2): warning C4996: 'sprintf': This function or variable may be unsafe. Consider using sprintf_s instead. To disable deprecation, use _CRT_SECURE_NO_WARNINGS. See online help for details.
E:\学习 university\大一上\C语言\ClickDiary3.2\ClickDiary3.0\main.cpp(900,2): warning C4996: 'sprintf': This function or variable may be unsafe. Consider using sprintf_s instead. To disable deprecation, use _CRT_SECURE_NO_WARNINGS. See online help for details.
E:\学习 university\大一上\C语言\ClickDiary3.2\ClickDiary3.0\main.cpp(933,4): warning C4996: 'sprintf': This function or variable may be unsafe. Consider using sprintf_s instead. To disable deprecation, use _CRT_SECURE_NO_WARNINGS. See online help for details.
E:\学习 university\大一上\C语言\ClickDiary3.2\ClickDiary3.0\main.cpp(934,4): warning C4996: 'strcpy': This function or variable may be unsafe. Consider using strcpy_s instead. To disable deprecation, use _CRT_SECURE_NO_WARNINGS. See online help for details.
E:\学习 university\大一上\C语言\ClickDiary3.2\ClickDiary3.0\main.cpp(937,5): warning C4996: 'sprintf': This function or variable may be unsafe. Consider using sprintf_s instead. To disable deprecation, use _CRT_SECURE_NO_WARNINGS. See online help for details.
E:\学习 university\大一上\C语言\ClickDiary3.2\ClickDiary3.0\main.cpp(938,5): warning C4996: 'strcpy': This function or variable may be unsafe. Consider using strcpy_s instead. To disable deprecation, use _CRT_SECURE_NO_WARNINGS. See online help for details.
E:\学习 university\大一上\C语言\ClickDiary3.2\ClickDiary3.0\main.cpp(943,5): warning C4996: 'sprintf': This function or variable may be unsafe. Consider using sprintf_s instead. To disable deprecation, use _CRT_SECURE_NO_WARNINGS. See online help for details.
E:\学习 university\大一上\C语言\ClickDiary3.2\ClickDiary3.0\main.cpp(944,5): warning C4996: 'strcpy': This function or variable may be unsafe. Consider using strcpy_s instead. To disable deprecation, use _CRT_SECURE_NO_WARNINGS. See online help for details.
E:\学习 university\大一上\C语言\ClickDiary3.2\ClickDiary3.0\main.cpp(948,5): warning C4996: 'sprintf': This function or variable may be unsafe. Consider using sprintf_s instead. To disable deprecation, use _CRT_SECURE_NO_WARNINGS. See online help for details.
E:\学习 university\大一上\C语言\ClickDiary3.2\ClickDiary3.0\main.cpp(949,5): warning C4996: 'strcpy': This function or variable may be unsafe. Consider using strcpy_s instead. To disable deprecation, use _CRT_SECURE_NO_WARNINGS. See online help for details.
E:\学习 university\大一上\C语言\ClickDiary3.2\ClickDiary3.0\main.cpp(966,4): warning C4996: 'sprintf': This function or variable may be unsafe. Consider using sprintf_s instead. To disable deprecation, use _CRT_SECURE_NO_WARNINGS. See online help for details.
E:\学习 university\大一上\C语言\ClickDiary3.2\ClickDiary3.0\main.cpp(974,4): warning C4996: 'sprintf': This function or variable may be unsafe. Consider using sprintf_s instead. To disable deprecation, use _CRT_SECURE_NO_WARNINGS. See online help for details.
E:\学习 university\大一上\C语言\ClickDiary3.2\ClickDiary3.0\main.cpp(982,4): warning C4996: 'sprintf': This function or variable may be unsafe. Consider using sprintf_s instead. To disable deprecation, use _CRT_SECURE_NO_WARNINGS. See online help for details.
E:\学习 university\大一上\C语言\ClickDiary3.2\ClickDiary3.0\main.cpp(990,4): warning C4996: 'sprintf': This function or variable may be unsafe. Consider using sprintf_s instead. To disable deprecation, use _CRT_SECURE_NO_WARNINGS. See online help for details.
E:\学习 university\大一上\C语言\ClickDiary3.2\ClickDiary3.0\main.cpp(1094,5): warning C4996: 'strcpy': This function or variable may be unsafe. Consider using strcpy_s instead. To disable deprecation, use _CRT_SECURE_NO_WARNINGS. See online help for details.
E:\学习 university\大一上\C语言\ClickDiary3.2\ClickDiary3.0\main.cpp(1100,5): warning C4996: 'strcpy': This function or variable may be unsafe. Consider using strcpy_s instead. To disable deprecation, use _CRT_SECURE_NO_WARNINGS. See online help for details.
E:\学习 university\大一上\C语言\ClickDiary3.2\ClickDiary3.0\main.cpp(1106,5): warning C4996: 'strcpy': This function or variable may be unsafe. Consider using strcpy_s instead. To disable deprecation, use _CRT_SECURE_NO_WARNINGS. See online help for details.
E:\学习 university\大一上\C语言\ClickDiary3.2\ClickDiary3.0\main.cpp(1113,5): warning C4996: 'strcpy': This function or variable may be unsafe. Consider using strcpy_s instead. To disable deprecation, use _CRT_SECURE_NO_WARNINGS. See online help for details.
E:\学习 university\大一上\C语言\ClickDiary3.2\ClickDiary3.0\main.cpp(1119,5): warning C4996: 'strcpy': This function or variable may be unsafe. Consider using strcpy_s instead. To disable deprecation, use _CRT_SECURE_NO_WARNINGS. See online help for details.
E:\学习 university\大一上\C语言\ClickDiary3.2\ClickDiary3.0\main.cpp(1125,5): warning C4996: 'strcpy': This function or variable may be unsafe. Consider using strcpy_s instead. To disable deprecation, use _CRT_SECURE_NO_WARNINGS. See online help for details.
E:\学习 university\大一上\C语言\ClickDiary3.2\ClickDiary3.0\main.cpp(1131,5): warning C4996: 'strcpy': This function or variable may be unsafe. Consider using strcpy_s instead. To disable deprecation, use _CRT_SECURE_NO_WARNINGS. See online help for details.
E:\学习 university\大一上\C语言\ClickDiary3.2\ClickDiary3.0\main.cpp(1138,4): warning C4996: 'sprintf': This function or variable may be unsafe. Consider using sprintf_s instead. To disable deprecation, use _CRT_SECURE_NO_WARNINGS. See online help for details.
E:\学习 university\大一上\C语言\ClickDiary3.2\ClickDiary3.0\main.cpp(1148,4): warning C4996: 'strcpy': This function or variable may be unsafe. Consider using strcpy_s instead. To disable deprecation, use _CRT_SECURE_NO_WARNINGS. See online help for details.
E:\学习 university\大一上\C语言\ClickDiary3.2\ClickDiary3.0\main.cpp(1149,4): warning C4996: 'sprintf': This function or variable may be unsafe. Consider using sprintf_s instead. To disable deprecation, use _CRT_SECURE_NO_WARNINGS. See online help for details.
  ClickDiary3.0.vcxproj -> E:\学习 university\大一上\C语言\ClickDiary3.2\x64\Debug\ClickDiary3.0.exe
